\BOOKMARK [1][-]{section.1}{Linear Time Invariant Systems}{}% 1
\BOOKMARK [2][-]{subsection.1.1}{Discrete LTI Systems Intro}{section.1}% 2
\BOOKMARK [3][-]{subsubsection.1.1.1}{Getting Comfortable with Discrete Signals}{subsection.1.1}% 3
\BOOKMARK [3][-]{subsubsection.1.1.2}{Discrete Systems}{subsection.1.1}% 4
\BOOKMARK [3][-]{subsubsection.1.1.3}{Discrete Feedback \046 Feedforward Systems}{subsection.1.1}% 5
\BOOKMARK [3][-]{subsubsection.1.1.4}{System Functional}{subsection.1.1}% 6
\BOOKMARK [3][-]{subsubsection.1.1.5}{Combinations}{subsection.1.1}% 7
\BOOKMARK [2][-]{subsection.1.2}{Continuous LTI Systems}{section.1}% 8
\BOOKMARK [3][-]{subsubsection.1.2.1}{Important Continuous Inputs}{subsection.1.2}% 9
\BOOKMARK [2][-]{subsection.1.3}{Impulse Response}{section.1}% 10
\BOOKMARK [3][-]{subsubsection.1.3.1}{Discrete}{subsection.1.3}% 11
\BOOKMARK [3][-]{subsubsection.1.3.2}{Continuous}{subsection.1.3}% 12
\BOOKMARK [2][-]{subsection.1.4}{Convolution \046 General LTI System Response}{section.1}% 13
\BOOKMARK [3][-]{subsubsection.1.4.1}{Discrete}{subsection.1.4}% 14
\BOOKMARK [3][-]{subsubsection.1.4.2}{Continuous}{subsection.1.4}% 15
\BOOKMARK [3][-]{subsubsection.1.4.3}{More on Convolution}{subsection.1.4}% 16
\BOOKMARK [1][-]{section.2}{Frequency Domain}{}% 17
\BOOKMARK [2][-]{subsection.2.1}{Review of Complex Numbers}{section.2}% 18
\BOOKMARK [2][-]{subsection.2.2}{Continuous Fourier Series}{section.2}% 19
\BOOKMARK [3][-]{subsubsection.2.2.1}{Real Representation}{subsection.2.2}% 20
\BOOKMARK [3][-]{subsubsection.2.2.2}{Complex Representation}{subsection.2.2}% 21
\BOOKMARK [2][-]{subsection.2.3}{Discrete Fourier Transform}{section.2}% 22
\BOOKMARK [2][-]{subsection.2.4}{Continuous Fourier Transform}{section.2}% 23
\BOOKMARK [2][-]{subsection.2.5}{Discrete Time Fourier Transform}{section.2}% 24
\BOOKMARK [1][-]{section.3}{Relationship between Convolution \046 Multiplication}{}% 25
\BOOKMARK [2][-]{subsection.3.1}{Aperiodic Continuous Functions}{section.3}% 26
\BOOKMARK [2][-]{subsection.3.2}{Aperiodic Discrete Functions}{section.3}% 27
\BOOKMARK [2][-]{subsection.3.3}{Periodic Continuous Functions}{section.3}% 28
\BOOKMARK [2][-]{subsection.3.4}{Periodic Discrete Functions}{section.3}% 29
\BOOKMARK [2][-]{subsection.3.5}{Application to LTI Systems}{section.3}% 30
\BOOKMARK [3][-]{subsubsection.3.5.1}{Discrete}{subsection.3.5}% 31
\BOOKMARK [3][-]{subsubsection.3.5.2}{Continuous}{subsection.3.5}% 32
\BOOKMARK [2][-]{subsection.3.6}{More on Circular Convolution}{section.3}% 33
\BOOKMARK [1][-]{section.4}{Simple Filtering \046 Bode Plots}{}% 34
\BOOKMARK [2][-]{subsection.4.1}{Discrete Time}{section.4}% 35
\BOOKMARK [2][-]{subsection.4.2}{Continuous Time}{section.4}% 36
\BOOKMARK [2][-]{subsection.4.3}{Bode Plots}{section.4}% 37
\BOOKMARK [1][-]{section.5}{Ideal Sampling}{}% 38
\BOOKMARK [2][-]{subsection.5.1}{Aliasing}{section.5}% 39
\BOOKMARK [2][-]{subsection.5.2}{Analog to Digital}{section.5}% 40
\BOOKMARK [2][-]{subsection.5.3}{Digital to Analog}{section.5}% 41
\BOOKMARK [1][-]{section.6}{Laplace \046 Z-Transforms, Feedback Control}{}% 42
\BOOKMARK [2][-]{subsection.6.1}{Introduction}{section.6}% 43
\BOOKMARK [3][-]{subsubsection.6.1.1}{Laplace Transform}{subsection.6.1}% 44
\BOOKMARK [3][-]{subsubsection.6.1.2}{Z Transform}{subsection.6.1}% 45
\BOOKMARK [2][-]{subsection.6.2}{Convolution \046 Multiplication}{section.6}% 46
\BOOKMARK [3][-]{subsubsection.6.2.1}{Continuous}{subsection.6.2}% 47
\BOOKMARK [3][-]{subsubsection.6.2.2}{Discrete}{subsection.6.2}% 48
\BOOKMARK [2][-]{subsection.6.3}{Application to LTI Systems}{section.6}% 49
\BOOKMARK [3][-]{subsubsection.6.3.1}{Discrete Time Systems}{subsection.6.3}% 50
\BOOKMARK [3][-]{subsubsection.6.3.2}{Continuous Time Systems}{subsection.6.3}% 51
\BOOKMARK [1][-]{section.7}{Basic Signal Modulation}{}% 52
\BOOKMARK [2][-]{subsection.7.1}{Amplitude Modulation}{section.7}% 53
\BOOKMARK [2][-]{subsection.7.2}{Frequency Modulation}{section.7}% 54
\BOOKMARK [2][-]{subsection.7.3}{Phase Modulation}{section.7}% 55
\BOOKMARK [3][-]{subsubsection.7.3.1}{Binary Phase Shift Keying}{subsection.7.3}% 56
\BOOKMARK [1][-]{section.8}{Other Applications}{}% 57
\BOOKMARK [2][-]{subsection.8.1}{Spectrum Smearing \046 Windowing}{section.8}% 58
\BOOKMARK [3][-]{subsubsection.8.1.1}{Spectrum Smearing}{subsection.8.1}% 59
\BOOKMARK [3][-]{subsubsection.8.1.2}{Windowing}{subsection.8.1}% 60
\BOOKMARK [2][-]{subsection.8.2}{Fast Fourier Transform}{section.8}% 61
\BOOKMARK [2][-]{subsection.8.3}{Time-Frequency Uncertainty Principle}{section.8}% 62
